d:\projects\hackthenorth\ubigame\ubigame\x64\debug\vc140.pdb
d:\projects\hackthenorth\ubigame\ubigame\x64\debug\vc140.idb
d:\projects\hackthenorth\ubigame\ubigame\x64\debug\particlecomponent.obj
d:\projects\hackthenorth\ubigame\ubigame\x64\debug\particleemittercomponent.obj
d:\projects\hackthenorth\ubigame\ubigame\x64\debug\animationmanager.obj
d:\projects\hackthenorth\ubigame\ubigame\x64\debug\animationcomponent.obj
d:\projects\hackthenorth\ubigame\ubigame\x64\debug\collidablephysicscomponent.obj
d:\projects\hackthenorth\ubigame\ubigame\x64\debug\collidablecomponent.obj
d:\projects\hackthenorth\ubigame\ubigame\x64\debug\collisionmanager.obj
d:\projects\hackthenorth\ubigame\ubigame\x64\debug\obstacleentity.obj
d:\projects\hackthenorth\ubigame\ubigame\x64\debug\playermovementcomponent.obj
d:\projects\hackthenorth\ubigame\ubigame\x64\debug\playerentity.obj
d:\projects\hackthenorth\ubigame\ubigame\x64\debug\gameboard.obj
d:\projects\hackthenorth\ubigame\ubigame\x64\debug\rendercomponent.obj
d:\projects\hackthenorth\ubigame\ubigame\x64\debug\component.obj
d:\projects\hackthenorth\ubigame\ubigame\x64\debug\main.obj
d:\projects\hackthenorth\ubigame\ubigame\x64\debug\entity.obj
d:\projects\hackthenorth\ubigame\ubigame\x64\debug\gameenginemain.obj
d:\projects\hackthenorth\ubigame\ubigame\x64\debug\texturemanager.obj
d:\projects\hackthenorth\ubigame\ubigame\x64\debug\spriterendercomponent.obj
d:\projects\hackthenorth\ubigame\ubigame\x64\debug\soundcomponent.obj
d:\projects\hackthenorth\ubigame\ubigame\x64\debug\soundmanager.obj
d:\projects\hackthenorth\ubigame\ubigame\x64\debug\playersoundcomponent.obj
d:\projects\hackthenorth\ubigame\x64\debug\ubigame.ilk
d:\projects\hackthenorth\ubigame\x64\debug\ubigame.exe
d:\projects\hackthenorth\ubigame\x64\debug\ubigame.pdb
c:\users\mikhail szugalew\downloads\goosic-frontend\ubigame\x64\debug\animationcomponent.obj
c:\users\mikhail szugalew\downloads\goosic-frontend\ubigame\x64\debug\animationmanager.obj
c:\users\mikhail szugalew\downloads\goosic-frontend\ubigame\x64\debug\collidablecomponent.obj
c:\users\mikhail szugalew\downloads\goosic-frontend\ubigame\x64\debug\collidablephysicscomponent.obj
c:\users\mikhail szugalew\downloads\goosic-frontend\ubigame\x64\debug\collisionmanager.obj
c:\users\mikhail szugalew\downloads\goosic-frontend\ubigame\x64\debug\component.obj
c:\users\mikhail szugalew\downloads\goosic-frontend\ubigame\x64\debug\entity.obj
c:\users\mikhail szugalew\downloads\goosic-frontend\ubigame\x64\debug\gameboard.obj
c:\users\mikhail szugalew\downloads\goosic-frontend\ubigame\x64\debug\gameenginemain.obj
c:\users\mikhail szugalew\downloads\goosic-frontend\ubigame\x64\debug\main.obj
c:\users\mikhail szugalew\downloads\goosic-frontend\ubigame\x64\debug\obstacleentity.obj
c:\users\mikhail szugalew\downloads\goosic-frontend\ubigame\x64\debug\particlecomponent.obj
c:\users\mikhail szugalew\downloads\goosic-frontend\ubigame\x64\debug\particleemittercomponent.obj
c:\users\mikhail szugalew\downloads\goosic-frontend\ubigame\x64\debug\playerentity.obj
c:\users\mikhail szugalew\downloads\goosic-frontend\ubigame\x64\debug\playermovementcomponent.obj
c:\users\mikhail szugalew\downloads\goosic-frontend\ubigame\x64\debug\playersoundcomponent.obj
c:\users\mikhail szugalew\downloads\goosic-frontend\ubigame\x64\debug\rendercomponent.obj
c:\users\mikhail szugalew\downloads\goosic-frontend\ubigame\x64\debug\soundcomponent.obj
c:\users\mikhail szugalew\downloads\goosic-frontend\ubigame\x64\debug\soundmanager.obj
c:\users\mikhail szugalew\downloads\goosic-frontend\ubigame\x64\debug\spriterendercomponent.obj
c:\users\mikhail szugalew\downloads\goosic-frontend\ubigame\x64\debug\texturemanager.obj
c:\users\mikhail szugalew\downloads\goosic-frontend\ubigame\x64\debug\vc140.idb
c:\users\mikhail szugalew\downloads\goosic-frontend\ubigame\x64\debug\vc140.pdb
c:\users\mikhail szugalew\downloads\goosic-frontend\x64\debug\ubigame.pdb
c:\users\mikhail szugalew\downloads\goosic-frontend\x64\debug\ubigame.exe
c:\users\mikhail szugalew\downloads\goosic-frontend\x64\debug\ubigame.ilk
c:\users\mikhail szugalew\downloads\goosic-frontend\ubigame\x64\debug\ubigame.tlog\cl.command.1.tlog
c:\users\mikhail szugalew\downloads\goosic-frontend\ubigame\x64\debug\ubigame.tlog\cl.read.1.tlog
c:\users\mikhail szugalew\downloads\goosic-frontend\ubigame\x64\debug\ubigame.tlog\cl.write.1.tlog
c:\users\mikhail szugalew\downloads\goosic-frontend\ubigame\x64\debug\ubigame.tlog\link.command.1.tlog
c:\users\mikhail szugalew\downloads\goosic-frontend\ubigame\x64\debug\ubigame.tlog\link.read.1.tlog
c:\users\mikhail szugalew\downloads\goosic-frontend\ubigame\x64\debug\ubigame.tlog\link.write.1.tlog
